# gmm-est --write-occs=exp/mono0a/24.occs --mix-up=311 --power=0.25 exp/mono0a/23.mdl "gmm-sum-accs - exp/mono0a/23.*.acc|" exp/mono0a/24.mdl 
# Started at Wed Jul 12 22:31:28 CST 2017
#
gmm-est --write-occs=exp/mono0a/24.occs --mix-up=311 --power=0.25 exp/mono0a/23.mdl 'gmm-sum-accs - exp/mono0a/23.*.acc|' exp/mono0a/24.mdl 
gmm-sum-accs - exp/mono0a/23.1.acc 
LOG (gmm-sum-accs[5.1.83~1-ba138]:main():gmm-sum-accs.cc:63) Summed 1 stats, total count 9656, avg like/frame -81.1895
LOG (gmm-sum-accs[5.1.83~1-ba138]:main():gmm-sum-accs.cc:66) Total count of stats is 9656
LOG (gmm-sum-accs[5.1.83~1-ba138]:main():gmm-sum-accs.cc:67) Written stats to -
LOG (gmm-est[5.1.83~1-ba138]:MleUpdate():transition-model.cc:517) TransitionModel::Update, objf change is 0.000109607 per frame over 9656 frames. 
LOG (gmm-est[5.1.83~1-ba138]:MleUpdate():transition-model.cc:520) 8 probabilities floored, 4 out of 113 transition-states skipped due to insuffient data (it is normal to have some skipped.)
LOG (gmm-est[5.1.83~1-ba138]:main():gmm-est.cc:102) Transition model update: Overall 0.000109607 log-like improvement per frame over 9656 frames.
WARNING (gmm-est[5.1.83~1-ba138]:MleDiagGmmUpdate():mle-diag-gmm.cc:359) Too little data - removing Gaussian (weight 0.053810, occupation count 9.362875, vector size 39)
WARNING (gmm-est[5.1.83~1-ba138]:MleDiagGmmUpdate():mle-diag-gmm.cc:365) Gaussian has too little data but not removing it because it is the last Gaussian: i = 0, occ = 8, weight = 1
WARNING (gmm-est[5.1.83~1-ba138]:MleDiagGmmUpdate():mle-diag-gmm.cc:365) Gaussian has too little data but not removing it because it is the last Gaussian: i = 0, occ = 2, weight = 1
WARNING (gmm-est[5.1.83~1-ba138]:MleDiagGmmUpdate():mle-diag-gmm.cc:365) Gaussian has too little data but not removing it because it is the last Gaussian: i = 0, occ = 8, weight = 1
WARNING (gmm-est[5.1.83~1-ba138]:MleDiagGmmUpdate():mle-diag-gmm.cc:365) Gaussian has too little data but not removing it because it is the last Gaussian: i = 0, occ = 6, weight = 1
WARNING (gmm-est[5.1.83~1-ba138]:MleDiagGmmUpdate():mle-diag-gmm.cc:365) Gaussian has too little data but not removing it because it is the last Gaussian: i = 0, occ = 5, weight = 1
WARNING (gmm-est[5.1.83~1-ba138]:MleDiagGmmUpdate():mle-diag-gmm.cc:365) Gaussian has too little data but not removing it because it is the last Gaussian: i = 0, occ = 10, weight = 1
WARNING (gmm-est[5.1.83~1-ba138]:MleDiagGmmUpdate():mle-diag-gmm.cc:365) Gaussian has too little data but not removing it because it is the last Gaussian: i = 0, occ = 6, weight = 1
WARNING (gmm-est[5.1.83~1-ba138]:MleDiagGmmUpdate():mle-diag-gmm.cc:365) Gaussian has too little data but not removing it because it is the last Gaussian: i = 0, occ = 6, weight = 1
WARNING (gmm-est[5.1.83~1-ba138]:MleDiagGmmUpdate():mle-diag-gmm.cc:365) Gaussian has too little data but not removing it because it is the last Gaussian: i = 0, occ = 10, weight = 1
WARNING (gmm-est[5.1.83~1-ba138]:MleDiagGmmUpdate():mle-diag-gmm.cc:365) Gaussian has too little data but not removing it because it is the last Gaussian: i = 0, occ = 9, weight = 1
WARNING (gmm-est[5.1.83~1-ba138]:MleDiagGmmUpdate():mle-diag-gmm.cc:365) Gaussian has too little data but not removing it because it is the last Gaussian: i = 0, occ = 10, weight = 1
WARNING (gmm-est[5.1.83~1-ba138]:MleDiagGmmUpdate():mle-diag-gmm.cc:365) Gaussian has too little data but not removing it because it is the last Gaussian: i = 0, occ = 8, weight = 1
WARNING (gmm-est[5.1.83~1-ba138]:MleDiagGmmUpdate():mle-diag-gmm.cc:365) Gaussian has too little data but not removing it because it is the last Gaussian: i = 0, occ = 9, weight = 1
WARNING (gmm-est[5.1.83~1-ba138]:MleDiagGmmUpdate():mle-diag-gmm.cc:365) Gaussian has too little data but not removing it because it is the last Gaussian: i = 0, occ = 7, weight = 1
WARNING (gmm-est[5.1.83~1-ba138]:MleDiagGmmUpdate():mle-diag-gmm.cc:365) Gaussian has too little data but not removing it because it is the last Gaussian: i = 0, occ = 4, weight = 1
WARNING (gmm-est[5.1.83~1-ba138]:MleDiagGmmUpdate():mle-diag-gmm.cc:365) Gaussian has too little data but not removing it because it is the last Gaussian: i = 0, occ = 7, weight = 1
WARNING (gmm-est[5.1.83~1-ba138]:MleDiagGmmUpdate():mle-diag-gmm.cc:365) Gaussian has too little data but not removing it because it is the last Gaussian: i = 0, occ = 7, weight = 1
WARNING (gmm-est[5.1.83~1-ba138]:MleDiagGmmUpdate():mle-diag-gmm.cc:365) Gaussian has too little data but not removing it because it is the last Gaussian: i = 0, occ = 9, weight = 1
WARNING (gmm-est[5.1.83~1-ba138]:MleDiagGmmUpdate():mle-diag-gmm.cc:365) Gaussian has too little data but not removing it because it is the last Gaussian: i = 0, occ = 10, weight = 1
WARNING (gmm-est[5.1.83~1-ba138]:MleDiagGmmUpdate():mle-diag-gmm.cc:365) Gaussian has too little data but not removing it because it is the last Gaussian: i = 0, occ = 2, weight = 1
WARNING (gmm-est[5.1.83~1-ba138]:MleDiagGmmUpdate():mle-diag-gmm.cc:365) Gaussian has too little data but not removing it because it is the last Gaussian: i = 0, occ = 2, weight = 1
WARNING (gmm-est[5.1.83~1-ba138]:MleDiagGmmUpdate():mle-diag-gmm.cc:365) Gaussian has too little data but not removing it because it is the last Gaussian: i = 0, occ = 8, weight = 1
LOG (gmm-est[5.1.83~1-ba138]:MleAmDiagGmmUpdate():mle-am-diag-gmm.cc:225) 1 variance elements floored in 1 Gaussians, out of 303
LOG (gmm-est[5.1.83~1-ba138]:MleAmDiagGmmUpdate():mle-am-diag-gmm.cc:229) Removed 1 Gaussians due to counts < --min-gaussian-occupancy=10 and --remove-low-count-gaussians=true
LOG (gmm-est[5.1.83~1-ba138]:main():gmm-est.cc:113) GMM update: Overall 0.142976 objective function improvement per frame over 9656 frames
LOG (gmm-est[5.1.83~1-ba138]:main():gmm-est.cc:116) GMM update: Overall avg like per frame = -81.1895 over 9656 frames.
LOG (gmm-est[5.1.83~1-ba138]:SplitByCount():am-diag-gmm.cc:116) Split 113 states with target = 311, power = 0.25, perturb_factor = 0.01 and min_count = 20, split #Gauss from 303 to 313
LOG (gmm-est[5.1.83~1-ba138]:main():gmm-est.cc:146) Written model to exp/mono0a/24.mdl
# Accounting: time=0 threads=1
# Ended (code 0) at Wed Jul 12 22:31:28 CST 2017, elapsed time 0 seconds
